
--------------------------------------------------
TXLib сообщает:

Программа: C:\Users\David\Desktop\gitTigran\ship-battle\ship-battle.exe, файл: C:\Users\David\Desktop\Programming\TX\TX\TXLib.h, строка: 11402, функция: bool {anonymous}::TX::txBitBlt(HDC, double, double, double, double, HDC, double, double),

Сообщение: Параметр "sourceImage" неверен. Возможно, этот холст не создан, или уже уничтожен, или не загрузилась картинка.

#1: TXLib [Ver: 00173a, Rev: 105, Date: 2019-06-23 00:00:00 +0300], Instance: 0x004FF2D4 (32-bit), Flags: CMdRe0, Thread: 0x1104 (Main), GetLastError(): 13 (Недопустимые данные). 

--------------------------------------------------
Стек вызовов:

# 0 0x0041F683 in C:\Users\David\Desktop\gitTigran\ship-battle\ship-battle.exe: txBitBlt() at C:/Users/David/Desktop/Programming/TX/TX/TXLib.h (11402)
# 1 0x0041FB62 in C:\Users\David\Desktop\gitTigran\ship-battle\ship-battle.exe: txBitBlt() at C:/Users/David/Desktop/Programming/TX/TX/TXLib.h (11418)

# 2 0x00426A93 in C:\Users\David\Desktop\gitTigran\ship-battle\ship-battle.exe: main() at C:/Users/David/Desktop/gitTigran/ship-battle/ship-battle.cpp (53):

     51: 
     52: 
=>   53:   txBitBlt (0, 0, graphika);
     54: 
     55:   txDeleteDC (graphika);

--------------------------------------------------
Стек вызовов TX:

# 0 in bool {anonymous}::TX::txBitBlt(HDC, double, double, double, double, HDC, double, double) at C:\Users\David\Desktop\Programming\TX\TX\TXLib.h (11402):

  11400:     {
  11401: $1  if (_TX_HDC_FAILED (destImage))   return false;
=>11402: $   if (_TX_HDC_FAILED (sourceImage)) return false;
  11403: 
  11404: $   POINT size = txGetExtent (sourceImage);

# 1 in bool {anonymous}::TX::txBitBlt(double, double, HDC, double, double) at C:\Users\David\Desktop\Programming\TX\TX\TXLib.h (11418):

  11416: $1  if (_TX_TXWINDOW_FAILED()) return false;
  11417: 
=>11418: $   return txBitBlt (txDC(), xDest, yDest, 0, 0, sourceImage, xSource, ySource);
  11419:     }
  11420: 

# 2 in int main() at C:\Users\David\Desktop\gitTigran\ship-battle\ship-battle.cpp (53):

     51: 
     52: 
=>   53:   txBitBlt (0, 0, graphika);
     54: 
     55:   txDeleteDC (graphika);

--------------------------------------------------
Developed with:

The Dumb Artist Library (TX Library)
TXLib [Ver: 00173a, Rev: 105, Date: 2019-06-23 00:00:00 +0300]
Copyright (C) Ded (Ilya Dedinsky, http://txlib.ru) <mail@txlib.ru>
See license on: http://txlib.ru

TXLib file:	C:\Users\David\Desktop\Programming\TX\TX\TXLib.h
Compiled:	Jul 26 2019 13:51:49, GNU g++ 4.8.1, std=201103L, MinGW Runtime 3.20, 32-bit, DEBUG
Started:	Jul 26 2019 13:52:09

Run file:	C:\Users\David\Desktop\gitTigran\ship-battle\ship-battle.exe
Directory:	C:\Users\David\Desktop\gitTigran\ship-battle

--------------------------------------------------

--------------------------------------------------
TXLib сообщает:

Программа: C:\Users\David\Desktop\gitTigran\ship-battle\ship-battle.exe, файл: C:\Users\David\Desktop\Programming\TX\TX\TXLib.h, строка: 11402, функция: bool {anonymous}::TX::txBitBlt(HDC, double, double, double, double, HDC, double, double),

Сообщение: Параметр "sourceImage" неверен. Возможно, этот холст не создан, или уже уничтожен, или не загрузилась картинка.

#1: TXLib [Ver: 00173a, Rev: 105, Date: 2019-06-23 00:00:00 +0300], Instance: 0x004FF2D4 (32-bit), Flags: CMdRe0, Thread: 0x1DEC (Main), GetLastError(): 13 (Недопустимые данные). 

--------------------------------------------------
Стек вызовов:

# 0 0x0041F683 in C:\Users\David\Desktop\gitTigran\ship-battle\ship-battle.exe: txBitBlt() at C:/Users/David/Desktop/Programming/TX/TX/TXLib.h (11402)
# 1 0x0041FB62 in C:\Users\David\Desktop\gitTigran\ship-battle\ship-battle.exe: txBitBlt() at C:/Users/David/Desktop/Programming/TX/TX/TXLib.h (11418)

# 2 0x00426A93 in C:\Users\David\Desktop\gitTigran\ship-battle\ship-battle.exe: main() at C:/Users/David/Desktop/gitTigran/ship-battle/ship-battle.cpp (53):

     51: 
     52: 
=>   53:   txBitBlt (0, 0, graphika);
     54: 
     55:   txDeleteDC (graphika);

--------------------------------------------------
Стек вызовов TX:

# 0 in bool {anonymous}::TX::txBitBlt(HDC, double, double, double, double, HDC, double, double) at C:\Users\David\Desktop\Programming\TX\TX\TXLib.h (11402):

  11400:     {
  11401: $1  if (_TX_HDC_FAILED (destImage))   return false;
=>11402: $   if (_TX_HDC_FAILED (sourceImage)) return false;
  11403: 
  11404: $   POINT size = txGetExtent (sourceImage);

# 1 in bool {anonymous}::TX::txBitBlt(double, double, HDC, double, double) at C:\Users\David\Desktop\Programming\TX\TX\TXLib.h (11418):

  11416: $1  if (_TX_TXWINDOW_FAILED()) return false;
  11417: 
=>11418: $   return txBitBlt (txDC(), xDest, yDest, 0, 0, sourceImage, xSource, ySource);
  11419:     }
  11420: 

# 2 in int main() at C:\Users\David\Desktop\gitTigran\ship-battle\ship-battle.cpp (53):

     51: 
     52: 
=>   53:   txBitBlt (0, 0, graphika);
     54: 
     55:   txDeleteDC (graphika);

--------------------------------------------------
Developed with:

The Dumb Artist Library (TX Library)
TXLib [Ver: 00173a, Rev: 105, Date: 2019-06-23 00:00:00 +0300]
Copyright (C) Ded (Ilya Dedinsky, http://txlib.ru) <mail@txlib.ru>
See license on: http://txlib.ru

TXLib file:	C:\Users\David\Desktop\Programming\TX\TX\TXLib.h
Compiled:	Jul 26 2019 13:52:58, GNU g++ 4.8.1, std=201103L, MinGW Runtime 3.20, 32-bit, DEBUG
Started:	Jul 26 2019 13:53:08

Run file:	C:\Users\David\Desktop\gitTigran\ship-battle\ship-battle.exe
Directory:	C:\Users\David\Desktop\gitTigran\ship-battle

--------------------------------------------------

--------------------------------------------------
TXLib сообщает:

Программа: C:\Users\David\Desktop\gitTigran\ship-battle\ship-battle.exe, файл: C:\Users\David\Desktop\Programming\TX\TX\TXLib.h, строка: 11402, функция: bool {anonymous}::TX::txBitBlt(HDC, double, double, double, double, HDC, double, double),

Сообщение: Параметр "sourceImage" неверен. Возможно, этот холст не создан, или уже уничтожен, или не загрузилась картинка.

#1: TXLib [Ver: 00173a, Rev: 105, Date: 2019-06-23 00:00:00 +0300], Instance: 0x004FF2D4 (32-bit), Flags: CMdRe0, Thread: 0xC5C (Main), GetLastError(): 13 (Недопустимые данные). 

--------------------------------------------------
Стек вызовов:

# 0 0x0041F683 in C:\Users\David\Desktop\gitTigran\ship-battle\ship-battle.exe: txBitBlt() at C:/Users/David/Desktop/Programming/TX/TX/TXLib.h (11402)
# 1 0x0041FB62 in C:\Users\David\Desktop\gitTigran\ship-battle\ship-battle.exe: txBitBlt() at C:/Users/David/Desktop/Programming/TX/TX/TXLib.h (11418)

# 2 0x00426A93 in C:\Users\David\Desktop\gitTigran\ship-battle\ship-battle.exe: main() at C:/Users/David/Desktop/gitTigran/ship-battle/ship-battle.cpp (53):

     51: 
     52: 
=>   53:   txBitBlt (0, 0, graphika);
     54: 
     55:   txDeleteDC (graphika);

--------------------------------------------------
Стек вызовов TX:

# 0 in bool {anonymous}::TX::txBitBlt(HDC, double, double, double, double, HDC, double, double) at C:\Users\David\Desktop\Programming\TX\TX\TXLib.h (11402):

  11400:     {
  11401: $1  if (_TX_HDC_FAILED (destImage))   return false;
=>11402: $   if (_TX_HDC_FAILED (sourceImage)) return false;
  11403: 
  11404: $   POINT size = txGetExtent (sourceImage);

# 1 in bool {anonymous}::TX::txBitBlt(double, double, HDC, double, double) at C:\Users\David\Desktop\Programming\TX\TX\TXLib.h (11418):

  11416: $1  if (_TX_TXWINDOW_FAILED()) return false;
  11417: 
=>11418: $   return txBitBlt (txDC(), xDest, yDest, 0, 0, sourceImage, xSource, ySource);
  11419:     }
  11420: 

# 2 in int main() at C:\Users\David\Desktop\gitTigran\ship-battle\ship-battle.cpp (53):

     51: 
     52: 
=>   53:   txBitBlt (0, 0, graphika);
     54: 
     55:   txDeleteDC (graphika);

--------------------------------------------------
Developed with:

The Dumb Artist Library (TX Library)
TXLib [Ver: 00173a, Rev: 105, Date: 2019-06-23 00:00:00 +0300]
Copyright (C) Ded (Ilya Dedinsky, http://txlib.ru) <mail@txlib.ru>
See license on: http://txlib.ru

TXLib file:	C:\Users\David\Desktop\Programming\TX\TX\TXLib.h
Compiled:	Jul 26 2019 13:55:59, GNU g++ 4.8.1, std=201103L, MinGW Runtime 3.20, 32-bit, DEBUG
Started:	Jul 26 2019 13:56:53

Run file:	C:\Users\David\Desktop\gitTigran\ship-battle\ship-battle.exe
Directory:	C:\Users\David\Desktop\gitTigran\ship-battle

--------------------------------------------------

--------------------------------------------------
TXLib сообщает:

Программа: C:\Users\David\Desktop\gitTigran\ship-battle\ship-battle.exe, файл: C:\Users\David\Desktop\Programming\TX\TX\TXLib.h, строка: 11402, функция: bool {anonymous}::TX::txBitBlt(HDC, double, double, double, double, HDC, double, double),

Сообщение: Параметр "sourceImage" неверен. Возможно, этот холст не создан, или уже уничтожен, или не загрузилась картинка.

#1: TXLib [Ver: 00173a, Rev: 105, Date: 2019-06-23 00:00:00 +0300], Instance: 0x004FF2D4 (32-bit), Flags: CMdRe0, Thread: 0x1870 (Main), GetLastError(): 13 (Недопустимые данные). 

--------------------------------------------------
Стек вызовов:

# 0 0x0041F683 in C:\Users\David\Desktop\gitTigran\ship-battle\ship-battle.exe: txBitBlt() at C:/Users/David/Desktop/Programming/TX/TX/TXLib.h (11402)
# 1 0x0041FB62 in C:\Users\David\Desktop\gitTigran\ship-battle\ship-battle.exe: txBitBlt() at C:/Users/David/Desktop/Programming/TX/TX/TXLib.h (11418)

# 2 0x00426A93 in C:\Users\David\Desktop\gitTigran\ship-battle\ship-battle.exe: main() at C:/Users/David/Desktop/gitTigran/ship-battle/ship-battle.cpp (53):

     51: 
     52: 
=>   53:   txBitBlt (0, 0, graphika);
     54: 
     55:   txDeleteDC (graphika);

--------------------------------------------------
Стек вызовов TX:

# 0 in bool {anonymous}::TX::txBitBlt(HDC, double, double, double, double, HDC, double, double) at C:\Users\David\Desktop\Programming\TX\TX\TXLib.h (11402):

  11400:     {
  11401: $1  if (_TX_HDC_FAILED (destImage))   return false;
=>11402: $   if (_TX_HDC_FAILED (sourceImage)) return false;
  11403: 
  11404: $   POINT size = txGetExtent (sourceImage);

# 1 in bool {anonymous}::TX::txBitBlt(double, double, HDC, double, double) at C:\Users\David\Desktop\Programming\TX\TX\TXLib.h (11418):

  11416: $1  if (_TX_TXWINDOW_FAILED()) return false;
  11417: 
=>11418: $   return txBitBlt (txDC(), xDest, yDest, 0, 0, sourceImage, xSource, ySource);
  11419:     }
  11420: 

# 2 in int main() at C:\Users\David\Desktop\gitTigran\ship-battle\ship-battle.cpp (53):

     51: 
     52: 
=>   53:   txBitBlt (0, 0, graphika);
     54: 
     55:   txDeleteDC (graphika);

--------------------------------------------------
Developed with:

The Dumb Artist Library (TX Library)
TXLib [Ver: 00173a, Rev: 105, Date: 2019-06-23 00:00:00 +0300]
Copyright (C) Ded (Ilya Dedinsky, http://txlib.ru) <mail@txlib.ru>
See license on: http://txlib.ru

TXLib file:	C:\Users\David\Desktop\Programming\TX\TX\TXLib.h
Compiled:	Jul 26 2019 13:59:32, GNU g++ 4.8.1, std=201103L, MinGW Runtime 3.20, 32-bit, DEBUG
Started:	Jul 26 2019 13:59:41

Run file:	C:\Users\David\Desktop\gitTigran\ship-battle\ship-battle.exe
Directory:	C:\Users\David\Desktop\gitTigran\ship-battle

--------------------------------------------------

--------------------------------------------------
TXLib сообщает:

Программа: C:\Users\David\Desktop\gitTigran\ship-battle\ship-battle.exe, файл: C:\Users\David\Desktop\Programming\TX\TX\TXLib.h, строка: 11402, функция: bool {anonymous}::TX::txBitBlt(HDC, double, double, double, double, HDC, double, double),

Сообщение: Параметр "sourceImage" неверен. Возможно, этот холст не создан, или уже уничтожен, или не загрузилась картинка.

#1: TXLib [Ver: 00173a, Rev: 105, Date: 2019-06-23 00:00:00 +0300], Instance: 0x004FF2D4 (32-bit), Flags: CMdRe0, Thread: 0x1284 (Main), GetLastError(): 13 (Недопустимые данные). 

--------------------------------------------------
Стек вызовов:

# 0 0x0041F683 in C:\Users\David\Desktop\gitTigran\ship-battle\ship-battle.exe: txBitBlt() at C:/Users/David/Desktop/Programming/TX/TX/TXLib.h (11402)
# 1 0x0041FB62 in C:\Users\David\Desktop\gitTigran\ship-battle\ship-battle.exe: txBitBlt() at C:/Users/David/Desktop/Programming/TX/TX/TXLib.h (11418)

# 2 0x004272A9 in C:\Users\David\Desktop\gitTigran\ship-battle\ship-battle.exe: ship_batle_game() at C:/Users/David/Desktop/gitTigran/ship-battle/ship-battle.cpp (244):

    242:     txClear ();
    243: 
=>  244:     txBitBlt (0, 0, graphika);
    245: 
    246: 

# 3 0x00426A14 in C:\Users\David\Desktop\gitTigran\ship-battle\ship-battle.exe: main() at C:/Users/David/Desktop/gitTigran/ship-battle/ship-battle.cpp (49):

     47:   ship_batle_game (116, 143, 5,
     48:                    624, 143, 5,
=>   49:                    1);
     50: 
     51:   //control_ship_battle ();

--------------------------------------------------
Стек вызовов TX:

# 0 in bool {anonymous}::TX::txBitBlt(HDC, double, double, double, double, HDC, double, double) at C:\Users\David\Desktop\Programming\TX\TX\TXLib.h (11402):

  11400:     {
  11401: $1  if (_TX_HDC_FAILED (destImage))   return false;
=>11402: $   if (_TX_HDC_FAILED (sourceImage)) return false;
  11403: 
  11404: $   POINT size = txGetExtent (sourceImage);

# 1 in bool {anonymous}::TX::txBitBlt(double, double, HDC, double, double) at C:\Users\David\Desktop\Programming\TX\TX\TXLib.h (11418):

  11416: $1  if (_TX_TXWINDOW_FAILED()) return false;
  11417: 
=>11418: $   return txBitBlt (txDC(), xDest, yDest, 0, 0, sourceImage, xSource, ySource);
  11419:     }
  11420: 

# 2 in void ship_batle_game(int, int, int, int, int, int, int) at C:\Users\David\Desktop\gitTigran\ship-battle\ship-battle.cpp (244):

    242:     txClear ();
    243: 
=>  244:     txBitBlt (0, 0, graphika);
    245: 
    246: 

--------------------------------------------------
Developed with:

The Dumb Artist Library (TX Library)
TXLib [Ver: 00173a, Rev: 105, Date: 2019-06-23 00:00:00 +0300]
Copyright (C) Ded (Ilya Dedinsky, http://txlib.ru) <mail@txlib.ru>
See license on: http://txlib.ru

TXLib file:	C:\Users\David\Desktop\Programming\TX\TX\TXLib.h
Compiled:	Jul 26 2019 14:00:31, GNU g++ 4.8.1, std=201103L, MinGW Runtime 3.20, 32-bit, DEBUG
Started:	Jul 26 2019 14:00:40

Run file:	C:\Users\David\Desktop\gitTigran\ship-battle\ship-battle.exe
Directory:	C:\Users\David\Desktop\gitTigran\ship-battle

--------------------------------------------------
